Drill Listing
=============
Drill: .035  Tool: 1  Feed: 197  Speed: 550
X 21066  Y 8507
X 21066  Y 18507
X 31066  Y 8507
X 31066  Y 18507
X 41066  Y 8507
X 41066  Y 18507
X 51066  Y 8507
X 51066  Y 18507
X 61066  Y 8507
X 61066  Y 18507
X 71066  Y 8507
X 71066  Y 18507
X 81066  Y 8507
X 81066  Y 18507
X 91066  Y 8507
X 91066  Y 18507
X 101066  Y 8507
X 101066  Y 18507
X 111066  Y 8507
X 111066  Y 18507
X 237133  Y 152433
X 237133  Y 176055
X 237133  Y 168181
X 237133  Y 160307
X 150519  Y 160307
X 150519  Y 152433
X 150519  Y 176055
X 150519  Y 168181
X 150519  Y 191803
X 150519  Y 183929
X 150519  Y 207551
X 150519  Y 199677
X 150519  Y 223299
X 150519  Y 215425
X 237133  Y 199677
X 237133  Y 191803
X 237133  Y 223299
X 237133  Y 215425
X 237133  Y 183929
X 237133  Y 207551
X 111066  Y 242257
X 111066  Y 252257
X 101066  Y 242257
X 101066  Y 252257
X 91066  Y 242257
X 91066  Y 252257
X 81066  Y 242257
X 81066  Y 252257
X 71066  Y 242257
X 71066  Y 252257
X 61066  Y 242257
X 61066  Y 252257
X 51066  Y 242257
X 51066  Y 252257
X 41066  Y 242257
X 41066  Y 252257
X 31066  Y 252257
X 31066  Y 242257
X 21066  Y 252257
X 21066  Y 242257
Drill: .037  Tool: 2  Feed: 197  Speed: 550
X 65511  Y 40314
X 161259  Y 75590
X 211653  Y 32755
X 216692  Y 10078
X 226771  Y 27716
X 231811  Y 70551
X 151181  Y 105826
X 95748  Y 219212
X 55433  Y 153700
Drill: .05  Tool: 3  Feed: 107  Speed: 550
X 151181  Y 17637
X 161181  Y 17637
X 224330  Y 17637
X 234330  Y 17637
Drill: .12598  Tool: 4  Feed: 35  Speed: 794
X 13779  Y 64960
X 264566  Y 64960
X 264566  Y 194881
X 13779  Y 194881
End of Listing
