Drill Listing
=============
Drill: .02756  Tool: 1  Feed: 197  Speed: 550
X 29291  Y 32125
X 29291  Y 25826
X 34015  Y 28976
X 34015  Y 35275
X 34015  Y 22677
Drill: .035  Tool: 2  Feed: 197  Speed: 550
X 10157  Y 86338
X 20157  Y 86338
X 152362  Y 91417
X 152362  Y 101417
X 152362  Y 111417
X 20157  Y 106338
X 20157  Y 96338
X 10157  Y 96338
X 10157  Y 106338
Drill: .037  Tool: 3  Feed: 197  Speed: 550
X 44094  Y 25196
X 59212  Y 46614
X 69291  Y 27716
X 76850  Y 22677
X 90708  Y 89448
X 75590  Y 80629
X 74330  Y 86929
X 73070  Y 73070
X 57952  Y 83149
X 57952  Y 74330
X 49133  Y 83149
X 28976  Y 100787
X 30236  Y 108346
X 45354  Y 95748
X 51653  Y 95748
X 74330  Y 95748
X 75590  Y 103307
X 75590  Y 110866
X 91968  Y 95748
X 103307  Y 108346
X 109606  Y 103307
X 128503  Y 137322
X 105826  Y 125984
X 75590  Y 139842
X 55433  Y 123464
X 41574  Y 124724
X 31496  Y 139842
X 23937  Y 160000
X 31496  Y 146141
X 32755  Y 156220
X 40314  Y 146141
X 52913  Y 151181
X 136062  Y 142362
X 146141  Y 182677
X 120944  Y 204094
X 94488  Y 214173
X 91968  Y 167559
X 86929  Y 206614
X 79370  Y 202834
X 74330  Y 207874
X 65511  Y 199055
X 64251  Y 192755
X 51653  Y 205354
X 50393  Y 177637
X 47874  Y 211653
X 45354  Y 172598
X 28976  Y 205354
X 23937  Y 210393
X 3779  Y 215433
X 18897  Y 238110
X 35275  Y 224251
X 50393  Y 236850
X 66771  Y 234330
X 102047  Y 224251
X 105826  Y 219212
X 141102  Y 251968
X 105826  Y 250708
X 79370  Y 253228
X 35275  Y 240629
X 28976  Y 240629
X 22677  Y 243149
X 7559  Y 251968
Drill: .05  Tool: 4  Feed: 107  Speed: 550
X 121889  Y 15236
X 131889  Y 15236
X 141889  Y 15236
X 151889  Y 15236
X 152362  Y 137598
X 152362  Y 157598
X 152362  Y 147598
X 152362  Y 167598
Drill: .0748  Tool: 5  Feed: 81  Speed: 550
X 18858  Y 17165
X 18858  Y 40787
X 113070  Y 243779
X 91417  Y 243779
Drill: .12598  Tool: 6  Feed: 35  Speed: 794
X 13779  Y 64960
X 153543  Y 64960
X 153543  Y 194881
X 13779  Y 194881
End of Listing
