Drill Listing
=============
Drill: .035  Tool: 1  Feed: 197  Speed: 550
X 21066  Y 8507
X 21066  Y 18507
X 31066  Y 8507
X 31066  Y 18507
X 41066  Y 8507
X 41066  Y 18507
X 51066  Y 8507
X 51066  Y 18507
X 61066  Y 8507
X 61066  Y 18507
X 71066  Y 8507
X 71066  Y 18507
X 81066  Y 8507
X 81066  Y 18507
X 91066  Y 8507
X 91066  Y 18507
X 101066  Y 8507
X 101066  Y 18507
X 111066  Y 8507
X 111066  Y 18507
X 237133  Y 152433
X 237133  Y 176055
X 237133  Y 168181
X 237133  Y 160307
X 150519  Y 152433
X 150519  Y 176055
X 150519  Y 168181
X 150519  Y 160307
X 150519  Y 207551
X 150519  Y 199677
X 150519  Y 191803
X 150519  Y 183929
X 150519  Y 223299
X 150519  Y 215425
X 237133  Y 191803
X 237133  Y 183929
X 237133  Y 223299
X 237133  Y 215425
X 237133  Y 207551
X 237133  Y 199677
X 111066  Y 242257
X 111066  Y 252257
X 101066  Y 242257
X 101066  Y 252257
X 91066  Y 242257
X 91066  Y 252257
X 81066  Y 242257
X 81066  Y 252257
X 71066  Y 242257
X 71066  Y 252257
X 61066  Y 242257
X 61066  Y 252257
X 51066  Y 242257
X 51066  Y 252257
X 41066  Y 242257
X 41066  Y 252257
X 31066  Y 242257
X 31066  Y 252257
X 21066  Y 242257
X 21066  Y 252257
Drill: .037  Tool: 2  Feed: 197  Speed: 550
X 67023  Y 62488
X 79622  Y 64503
X 82141  Y 71559
X 86173  Y 77606
X 87181  Y 65007
X 90204  Y 70551
X 92220  Y 52913
X 98267  Y 47370
X 102803  Y 59464
X 102803  Y 77606
X 110362  Y 78614
X 110866  Y 68031
X 153196  Y 67023
X 140094  Y 113385
X 133039  Y 115401
X 128503  Y 85669
X 124472  Y 120944
X 123968  Y 91212
X 114897  Y 102803
X 98267  Y 94740
X 97763  Y 88188
X 91716  Y 83653
X 70047  Y 93732
X 22173  Y 94740
X 18141  Y 105322
X 18645  Y 142614
X 33259  Y 163275
X 56944  Y 154204
X 57952  Y 161763
X 61984  Y 171338
X 75086  Y 156220
X 88188  Y 180409
X 91716  Y 156220
X 99779  Y 181417
X 101291  Y 163779
X 104818  Y 171842
X 110362  Y 178393
X 118929  Y 169826
X 128503  Y 185448
X 110866  Y 194519
X 103811  Y 198047
X 92220  Y 188976
X 70551  Y 185952
X 61480  Y 188472
X 59464  Y 195023
X 58960  Y 207118
X 54929  Y 201574
X 34267  Y 204094
X 26204  Y 204094
X 22173  Y 234330
X 22677  Y 214173
X 31244  Y 222740
X 35275  Y 214173
X 39811  Y 221732
X 64000  Y 210645
X 70551  Y 216188
X 95244  Y 230299
Drill: .12598  Tool: 3  Feed: 35  Speed: 794
X 13779  Y 64960
X 264566  Y 64960
X 264566  Y 194881
X 13779  Y 194881
End of Listing
