Drill Listing
=============
Drill: .02756  Tool: 1  Feed: 197  Speed: 550
X 20838  Y 53653
X 25562  Y 56803
X 25562  Y 50503
X 25562  Y 63102
X 20838  Y 59952
Drill: .035  Tool: 2  Feed: 197  Speed: 550
X 21066  Y 8507
X 21066  Y 18507
X 31066  Y 8507
X 31066  Y 18507
X 41066  Y 8507
X 41066  Y 18507
X 51066  Y 8507
X 51066  Y 18507
X 61066  Y 8507
X 61066  Y 18507
X 71066  Y 8507
X 71066  Y 18507
X 81066  Y 8507
X 81066  Y 18507
X 91066  Y 8507
X 91066  Y 18507
X 101066  Y 8507
X 101066  Y 18507
X 111066  Y 8507
X 111066  Y 18507
X 21812  Y 199253
X 11812  Y 199253
X 11812  Y 209253
X 11812  Y 219253
X 21066  Y 242257
X 21066  Y 252257
X 21812  Y 209253
X 21812  Y 219253
X 31066  Y 242257
X 31066  Y 252257
X 41066  Y 242257
X 41066  Y 252257
X 51066  Y 242257
X 51066  Y 252257
X 61066  Y 242257
X 61066  Y 252257
X 71066  Y 242257
X 71066  Y 252257
X 81066  Y 242257
X 81066  Y 252257
X 91066  Y 242257
X 91066  Y 252257
X 101066  Y 242257
X 101066  Y 252257
X 111066  Y 242257
X 111066  Y 252257
Drill: .037  Tool: 3  Feed: 197  Speed: 550
X 3527  Y 56944
X 26204  Y 44850
X 31748  Y 41826
X 46866  Y 49889
X 47874  Y 35779
X 47874  Y 43338
X 74078  Y 44346
X 84661  Y 50393
X 86677  Y 30740
X 110866  Y 37795
X 110866  Y 50393
X 129511  Y 12598
X 128000  Y 64503
X 98771  Y 76598
X 95748  Y 58960
X 92724  Y 69039
X 84661  Y 64000
X 59968  Y 60976
X 37795  Y 72062
X 31244  Y 59968
X 24692  Y 75086
X 4535  Y 93732
X 4535  Y 105322
X 14110  Y 128503
X 33763  Y 87685
X 36283  Y 118929
X 39307  Y 110866
X 39811  Y 126488
X 45858  Y 100787
X 47874  Y 126488
X 53921  Y 117921
X 59464  Y 126488
X 59464  Y 133039
X 68031  Y 113385
X 96251  Y 123464
X 104818  Y 93228
X 114393  Y 123464
X 132535  Y 119937
X 67023  Y 139590
X 66519  Y 146141
X 63496  Y 151685
X 50393  Y 146141
X 46866  Y 139590
X 37291  Y 147653
X 34267  Y 139590
X 26204  Y 140598
X 25700  Y 148157
X 18141  Y 141102
X 9070  Y 135055
X 18141  Y 164787
X 19653  Y 158740
X 23181  Y 171338
X 27212  Y 162267
X 31244  Y 170834
X 39307  Y 159244
X 41322  Y 167811
X 46866  Y 164283
X 49889  Y 169826
X 55937  Y 175874
X 59464  Y 181417
X 65511  Y 166803
X 71559  Y 158740
X 72566  Y 175370
X 77102  Y 169322
X 86677  Y 173858
X 97259  Y 207622
X 88692  Y 194519
X 86173  Y 202078
X 77606  Y 203590
X 73070  Y 196535
X 65511  Y 184440
X 50393  Y 201070
X 35779  Y 207622
X 25700  Y 184944
X 9070  Y 228787
X 53417  Y 211149
X 56440  Y 229795
Drill: .0748  Tool: 4  Feed: 81  Speed: 550
X 10405  Y 44992
X 10405  Y 68614
X 89716  Y 216753
X 68062  Y 216753
End of Listing
