Drill Listing
=============
Drill: .035  Tool: 1  Feed: 197  Speed: 550
X 21066  Y 8507
X 31066  Y 8507
X 61066  Y 8507
X 41066  Y 8507
X 51066  Y 8507
X 21066  Y 18507
X 61066  Y 18507
X 31066  Y 18507
X 41066  Y 18507
X 51066  Y 18507
X 21066  Y 242257
X 31066  Y 242257
X 41066  Y 242257
X 51066  Y 242257
X 61066  Y 242257
X 41066  Y 252257
X 21066  Y 252257
X 51066  Y 252257
X 31066  Y 252257
X 61066  Y 252257
X 71066  Y 252257
X 81066  Y 252257
X 91066  Y 252257
X 101066  Y 252257
X 111066  Y 252257
X 81066  Y 242257
X 91066  Y 242257
X 101066  Y 242257
X 111066  Y 242257
X 71066  Y 242257
X 91066  Y 18507
X 101066  Y 18507
X 71066  Y 18507
X 81066  Y 18507
X 111066  Y 18507
X 81066  Y 8507
X 101066  Y 8507
X 91066  Y 8507
X 111066  Y 8507
X 71066  Y 8507
X 185314  Y 65000
X 185314  Y 75000
X 185314  Y 85000
X 185314  Y 95000
X 185314  Y 105000
X 185314  Y 115000
X 185314  Y 125000
X 185314  Y 135000
X 185314  Y 175000
X 185314  Y 185000
X 185314  Y 195000
X 185314  Y 205000
X 185314  Y 215000
X 185314  Y 225000
X 185314  Y 235000
X 185314  Y 245000
X 234685  Y 245000
X 234685  Y 235000
X 234685  Y 225000
X 234685  Y 215000
X 234685  Y 205000
X 234685  Y 195000
X 234685  Y 185000
X 234685  Y 175000
X 234685  Y 135000
X 234685  Y 125000
X 234685  Y 115000
X 234685  Y 105000
X 234685  Y 95000
X 234685  Y 85000
X 234685  Y 75000
X 234685  Y 65000
Drill: .037  Tool: 2  Feed: 197  Speed: 550
X 60472  Y 80629
X 35275  Y 156220
X 20157  Y 161259
X 45354  Y 181417
X 50393  Y 191496
X 55433  Y 196535
X 95748  Y 216692
X 90708  Y 100787
X 75590  Y 95748
X 105826  Y 35275
X 262047  Y 161259
X 176377  Y 191496
X 267086  Y 166299
Drill: .05  Tool: 3  Feed: 107  Speed: 550
X 220000  Y 20000
X 230000  Y 20000
X 270000  Y 240000
X 280000  Y 240000
X 267086  Y 206456
X 267086  Y 196456
X 267086  Y 186456
X 267086  Y 85511
X 267086  Y 75511
X 267086  Y 65511
X 280000  Y 20000
X 270000  Y 20000
X 330000  Y 20000
X 320000  Y 20000
X 307401  Y 60708
X 307401  Y 70708
X 307401  Y 80708
X 307401  Y 90708
X 307401  Y 181653
X 307401  Y 191653
X 307401  Y 201653
X 307401  Y 211653
X 320000  Y 240000
X 330000  Y 240000
Drill: .0748  Tool: 4  Feed: 81  Speed: 550
X 270000  Y 130000
X 291653  Y 130000
Drill: .12598  Tool: 5  Feed: 35  Speed: 794
X 13779  Y 64960
X 13779  Y 194881
X 336220  Y 196535
X 336220  Y 64960
End of Listing
